Detecting C [-std=c11] compiler features failed to compile with the following output:
Change Dir: /Users/mazegeek/Desktop/C:CPP-Problem-Solving/untitled6/cmake-build-debug/CMakeFiles/CMakeTmp

Run Build Command:"/usr/bin/make" "cmTC_76a95/fast"
/Applications/Xcode.app/Contents/Developer/usr/bin/make -f CMakeFiles/cmTC_76a95.dir/build.make CMakeFiles/cmTC_76a95.dir/build
CMakeFiles/cmTC_76a95.dir/build.make:64: *** target pattern contains no `%'.  Stop.
make: *** [cmTC_76a95/fast] Error 2



Detecting CXX [-std=c++1z] compiler features failed to compile with the following output:
Change Dir: /Users/mazegeek/Desktop/C:CPP-Problem-Solving/untitled6/cmake-build-debug/CMakeFiles/CMakeTmp

Run Build Command:"/usr/bin/make" "cmTC_83c0f/fast"
/Applications/Xcode.app/Contents/Developer/usr/bin/make -f CMakeFiles/cmTC_83c0f.dir/build.make CMakeFiles/cmTC_83c0f.dir/build
CMakeFiles/cmTC_83c0f.dir/build.make:64: *** target pattern contains no `%'.  Stop.
make: *** [cmTC_83c0f/fast] Error 2



